2023-11-28 13:32:20,707 INFO:Added key: store_based_barrier_key:1 to store for rank: 1
2023-11-28 13:32:20,707 INFO:Added key: store_based_barrier_key:1 to store for rank: 0
2023-11-28 13:32:20,707 INFO:Rank 1: Completed store-based barrier for key:store_based_barrier_key:1 with 2 nodes.
2023-11-28 13:32:20,707 INFO:Rank 0: Completed store-based barrier for key:store_based_barrier_key:1 with 2 nodes.
2023-11-28 13:36:24,212 INFO:Added key: store_based_barrier_key:1 to store for rank: 0
2023-11-28 13:36:24,212 INFO:Rank 0: Completed store-based barrier for key:store_based_barrier_key:1 with 1 nodes.
2023-11-28 16:03:17,404 INFO:Added key: store_based_barrier_key:1 to store for rank: 0
2023-11-28 16:03:17,404 INFO:Rank 0: Completed store-based barrier for key:store_based_barrier_key:1 with 1 nodes.
2023-11-28 16:11:44,120 INFO:Added key: store_based_barrier_key:1 to store for rank: 0
2023-11-28 16:11:44,120 INFO:Rank 0: Completed store-based barrier for key:store_based_barrier_key:1 with 1 nodes.
2023-11-28 16:15:24,170 INFO:Added key: store_based_barrier_key:1 to store for rank: 0
2023-11-28 16:15:24,170 INFO:Rank 0: Completed store-based barrier for key:store_based_barrier_key:1 with 1 nodes.
2023-11-28 16:19:15,804 INFO:Added key: store_based_barrier_key:1 to store for rank: 0
2023-11-28 16:19:15,804 INFO:Rank 0: Completed store-based barrier for key:store_based_barrier_key:1 with 1 nodes.
2023-11-29 15:52:27,847 INFO:Added key: store_based_barrier_key:1 to store for rank: 0
2023-11-29 15:52:27,847 INFO:Rank 0: Completed store-based barrier for key:store_based_barrier_key:1 with 1 nodes.
2023-11-29 21:17:23,001 INFO:Added key: store_based_barrier_key:1 to store for rank: 0
2023-11-29 21:17:23,001 INFO:Rank 0: Completed store-based barrier for key:store_based_barrier_key:1 with 1 nodes.
2023-11-29 21:55:03,990 INFO:Added key: store_based_barrier_key:1 to store for rank: 0
2023-11-29 21:55:03,990 INFO:Rank 0: Completed store-based barrier for key:store_based_barrier_key:1 with 1 nodes.
2023-11-29 22:18:28,330 INFO:Added key: store_based_barrier_key:1 to store for rank: 0
2023-11-29 22:18:28,330 INFO:Rank 0: Completed store-based barrier for key:store_based_barrier_key:1 with 1 nodes.
2023-11-29 22:19:14,983 WARNING:Loading data...
2023-11-29 22:19:14,997 WARNING:Formatting inputs...
2023-11-29 22:19:14,997 WARNING:Tokenizing inputs... This may take some time...
2023-11-29 22:23:57,770 INFO:Added key: store_based_barrier_key:1 to store for rank: 0
2023-11-29 22:23:57,770 INFO:Rank 0: Completed store-based barrier for key:store_based_barrier_key:1 with 1 nodes.
2023-11-29 22:24:14,696 WARNING:Loading data...
2023-11-29 22:24:14,710 WARNING:Formatting inputs...
2023-11-29 22:24:14,710 WARNING:Tokenizing inputs... This may take some time...
2023-11-29 22:25:00,356 INFO:Added key: store_based_barrier_key:1 to store for rank: 0
2023-11-29 22:25:00,357 INFO:Rank 0: Completed store-based barrier for key:store_based_barrier_key:1 with 1 nodes.
2023-11-29 22:25:19,222 WARNING:Loading data...
2023-11-29 22:25:19,222 WARNING:Formatting inputs...
2023-11-29 22:25:19,222 WARNING:Tokenizing inputs... This may take some time...
2023-11-29 22:42:23,952 INFO:Added key: store_based_barrier_key:1 to store for rank: 0
2023-11-29 22:42:23,952 INFO:Rank 0: Completed store-based barrier for key:store_based_barrier_key:1 with 1 nodes.
2023-11-29 22:42:40,487 WARNING:Loading data...
2023-11-29 22:42:40,487 WARNING:Formatting inputs...
2023-11-29 22:42:40,487 WARNING:Tokenizing inputs... This may take some time...
2023-11-30 08:57:30,615 INFO:Added key: store_based_barrier_key:1 to store for rank: 0
2023-11-30 08:57:30,615 INFO:Rank 0: Completed store-based barrier for key:store_based_barrier_key:1 with 1 nodes.
2023-11-30 08:57:57,311 WARNING:Loading data...
2023-11-30 08:57:57,311 WARNING:Formatting inputs...
2023-11-30 08:57:57,311 WARNING:Tokenizing inputs... This may take some time...
2023-11-30 09:05:32,732 INFO:Added key: store_based_barrier_key:1 to store for rank: 0
2023-11-30 09:05:32,732 INFO:Rank 0: Completed store-based barrier for key:store_based_barrier_key:1 with 1 nodes.
2023-11-30 09:05:50,072 WARNING:Loading data...
2023-11-30 09:05:50,092 WARNING:Formatting inputs...
2023-11-30 09:05:50,092 WARNING:Tokenizing inputs... This may take some time...
2023-11-30 09:11:33,371 INFO:Added key: store_based_barrier_key:1 to store for rank: 0
2023-11-30 09:11:33,371 INFO:Rank 0: Completed store-based barrier for key:store_based_barrier_key:1 with 1 nodes.
2023-11-30 09:11:49,380 WARNING:Loading data...
2023-11-30 09:11:49,381 WARNING:Formatting inputs...
2023-11-30 09:11:49,381 WARNING:Tokenizing inputs... This may take some time...
2023-11-30 10:40:00,173 INFO:Added key: store_based_barrier_key:1 to store for rank: 0
2023-11-30 10:40:00,173 INFO:Rank 0: Completed store-based barrier for key:store_based_barrier_key:1 with 1 nodes.
2023-11-30 10:40:20,675 WARNING:Loading data...
2023-11-30 10:40:20,675 WARNING:Tokenizing inputs... This may take some time...
2023-11-30 10:43:32,130 INFO:Added key: store_based_barrier_key:1 to store for rank: 0
2023-11-30 10:43:32,130 INFO:Rank 0: Completed store-based barrier for key:store_based_barrier_key:1 with 1 nodes.
2023-11-30 10:44:20,691 WARNING:Loading data...
2023-11-30 10:44:20,691 WARNING:Tokenizing inputs... This may take some time...
2023-11-30 11:18:12,084 INFO:Added key: store_based_barrier_key:1 to store for rank: 0
2023-11-30 11:18:12,084 INFO:Rank 0: Completed store-based barrier for key:store_based_barrier_key:1 with 1 nodes.
2023-11-30 11:18:37,037 WARNING:Loading data...
2023-11-30 11:18:37,037 WARNING:Tokenizing inputs... This may take some time...
2023-11-30 19:49:03,736 INFO:Added key: store_based_barrier_key:1 to store for rank: 0
2023-11-30 19:49:03,736 INFO:Rank 0: Completed store-based barrier for key:store_based_barrier_key:1 with 1 nodes.
2023-11-30 19:49:30,450 WARNING:Loading data...
2023-11-30 19:49:30,450 WARNING:Formatting inputs...
2023-11-30 19:49:30,450 WARNING:Tokenizing inputs... This may take some time...
2023-11-30 19:54:09,294 INFO:Added key: store_based_barrier_key:1 to store for rank: 0
2023-11-30 19:54:09,294 INFO:Rank 0: Completed store-based barrier for key:store_based_barrier_key:1 with 1 nodes.
2023-11-30 19:54:33,680 WARNING:Loading data...
2023-11-30 19:54:33,681 WARNING:Formatting inputs...
2023-11-30 19:54:33,681 WARNING:Tokenizing inputs... This may take some time...
2023-11-30 19:57:03,617 INFO:Added key: store_based_barrier_key:1 to store for rank: 0
2023-11-30 19:57:03,617 INFO:Rank 0: Completed store-based barrier for key:store_based_barrier_key:1 with 1 nodes.
2023-11-30 19:57:33,938 WARNING:Loading data...
2023-11-30 19:57:33,939 WARNING:Formatting inputs...
2023-11-30 19:57:33,939 WARNING:Tokenizing inputs... This may take some time...
2023-11-30 20:07:11,162 INFO:Added key: store_based_barrier_key:1 to store for rank: 0
2023-11-30 20:07:11,162 INFO:Rank 0: Completed store-based barrier for key:store_based_barrier_key:1 with 1 nodes.
2023-11-30 20:07:34,446 WARNING:Loading data...
2023-11-30 20:07:34,446 WARNING:Formatting inputs...
2023-11-30 20:07:34,446 WARNING:Tokenizing inputs... This may take some time...
2023-11-30 20:11:09,552 INFO:Added key: store_based_barrier_key:1 to store for rank: 0
2023-11-30 20:11:09,552 INFO:Rank 0: Completed store-based barrier for key:store_based_barrier_key:1 with 1 nodes.
2023-11-30 20:11:20,368 WARNING:Loading data...
2023-11-30 20:11:20,369 WARNING:Formatting inputs...
2023-11-30 20:11:20,369 WARNING:Tokenizing inputs... This may take some time...
2023-11-30 20:20:50,740 INFO:Added key: store_based_barrier_key:1 to store for rank: 0
2023-11-30 20:20:50,740 INFO:Rank 0: Completed store-based barrier for key:store_based_barrier_key:1 with 1 nodes.
2023-11-30 20:21:01,630 WARNING:Loading data...
2023-11-30 20:21:01,630 WARNING:Formatting inputs...
2023-11-30 20:21:01,631 WARNING:Tokenizing inputs... This may take some time...
2023-11-30 20:50:04,763 INFO:Added key: store_based_barrier_key:1 to store for rank: 0
2023-11-30 20:50:04,763 INFO:Rank 0: Completed store-based barrier for key:store_based_barrier_key:1 with 1 nodes.
2023-11-30 20:50:15,653 WARNING:Loading data...
2023-11-30 20:50:15,653 WARNING:Formatting inputs...
2023-11-30 20:50:15,653 WARNING:Tokenizing inputs... This may take some time...
2023-11-30 20:55:07,217 INFO:Added key: store_based_barrier_key:1 to store for rank: 0
2023-11-30 20:55:07,217 INFO:Rank 0: Completed store-based barrier for key:store_based_barrier_key:1 with 1 nodes.
2023-11-30 20:55:18,026 WARNING:Loading data...
2023-11-30 20:55:18,026 WARNING:Formatting inputs...
2023-11-30 20:55:18,027 WARNING:Tokenizing inputs... This may take some time...
2023-11-30 20:57:58,784 INFO:Added key: store_based_barrier_key:1 to store for rank: 0
2023-11-30 20:57:58,784 INFO:Rank 0: Completed store-based barrier for key:store_based_barrier_key:1 with 1 nodes.
2023-11-30 20:58:09,649 WARNING:Loading data...
2023-11-30 20:58:09,650 WARNING:Formatting inputs...
2023-11-30 20:58:09,650 WARNING:Tokenizing inputs... This may take some time...
2023-11-30 21:00:07,151 INFO:Added key: store_based_barrier_key:1 to store for rank: 0
2023-11-30 21:00:07,151 INFO:Rank 0: Completed store-based barrier for key:store_based_barrier_key:1 with 1 nodes.
2023-11-30 21:00:17,978 WARNING:Loading data...
2023-11-30 21:00:17,978 WARNING:Formatting inputs...
2023-11-30 21:00:17,978 WARNING:Tokenizing inputs... This may take some time...
2023-11-30 21:09:38,261 INFO:Added key: store_based_barrier_key:1 to store for rank: 0
2023-11-30 21:09:38,261 INFO:Rank 0: Completed store-based barrier for key:store_based_barrier_key:1 with 1 nodes.
2023-11-30 21:09:49,026 WARNING:Loading data...
2023-11-30 21:09:49,026 WARNING:Formatting inputs...
2023-11-30 21:09:49,026 WARNING:Tokenizing inputs... This may take some time...
2023-11-30 21:30:09,800 WARNING:Loading data...
2023-11-30 21:30:09,830 WARNING:Formatting inputs...
2023-11-30 21:30:09,830 WARNING:Tokenizing inputs... This may take some time...
2023-11-30 22:08:39,544 WARNING:Loading data...
2023-11-30 22:08:39,554 WARNING:Formatting inputs...
2023-11-30 22:08:39,554 WARNING:Tokenizing inputs... This may take some time...
2023-11-30 22:18:42,725 WARNING:Loading data...
2023-11-30 22:18:42,725 WARNING:Formatting inputs...
2023-11-30 22:18:42,725 WARNING:Tokenizing inputs... This may take some time...
2023-12-01 15:44:21,800 WARNING:Loading data...
2023-12-01 15:44:21,801 WARNING:Formatting inputs...
2023-12-01 15:44:21,801 WARNING:Tokenizing inputs... This may take some time...
2023-12-01 16:06:59,436 WARNING:Loading data...
2023-12-01 16:06:59,436 WARNING:Formatting inputs...
2023-12-01 16:06:59,436 WARNING:Tokenizing inputs... This may take some time...
2023-12-01 16:30:57,986 WARNING:Loading data...
2023-12-01 16:30:57,986 WARNING:Formatting inputs...
2023-12-01 16:30:57,986 WARNING:Tokenizing inputs... This may take some time...
2023-12-01 16:33:28,804 WARNING:Loading data...
2023-12-01 16:33:28,804 WARNING:Formatting inputs...
2023-12-01 16:33:28,804 WARNING:Tokenizing inputs... This may take some time...
2023-12-01 20:20:04,476 WARNING:Loading data...
2023-12-01 20:20:04,477 WARNING:Formatting inputs...
2023-12-01 20:20:04,477 WARNING:Tokenizing inputs... This may take some time...
2023-12-01 22:15:20,899 WARNING:Loading data...
2023-12-01 22:15:20,912 WARNING:Formatting inputs...
2023-12-01 22:15:20,912 WARNING:Tokenizing inputs... This may take some time...
2023-12-01 22:28:25,820 WARNING:Loading data...
2023-12-01 22:28:25,821 WARNING:Formatting inputs...
2023-12-01 22:28:25,821 WARNING:Tokenizing inputs... This may take some time...
2023-12-02 16:10:24,735 WARNING:Loading data...
2023-12-02 16:10:24,767 WARNING:Formatting inputs...
2023-12-02 16:10:24,768 WARNING:Tokenizing inputs... This may take some time...
2023-12-02 16:11:42,779 WARNING:Loading data...
2023-12-02 16:11:42,779 WARNING:Formatting inputs...
2023-12-02 16:11:42,779 WARNING:Tokenizing inputs... This may take some time...
2023-12-02 16:23:43,987 WARNING:Loading data...
2023-12-02 16:23:43,987 WARNING:Formatting inputs...
2023-12-02 16:23:43,988 WARNING:Tokenizing inputs... This may take some time...
2023-12-02 16:26:57,809 WARNING:Loading data...
2023-12-02 16:26:57,810 WARNING:Formatting inputs...
2023-12-02 16:26:57,810 WARNING:Tokenizing inputs... This may take some time...
2023-12-02 16:35:47,651 WARNING:Loading data...
2023-12-02 16:35:47,651 WARNING:Formatting inputs...
2023-12-02 16:35:47,651 WARNING:Tokenizing inputs... This may take some time...
2023-12-02 16:36:56,532 WARNING:Loading data...
2023-12-02 16:36:56,532 WARNING:Formatting inputs...
2023-12-02 16:36:56,532 WARNING:Tokenizing inputs... This may take some time...
2023-12-02 16:41:17,374 WARNING:Loading data...
2023-12-02 16:41:17,375 WARNING:Formatting inputs...
2023-12-02 16:41:17,375 WARNING:Tokenizing inputs... This may take some time...
2023-12-02 16:47:35,847 WARNING:Loading data...
2023-12-02 16:47:35,847 WARNING:Formatting inputs...
2023-12-02 16:47:35,847 WARNING:Tokenizing inputs... This may take some time...
2023-12-02 16:50:16,234 WARNING:Loading data...
2023-12-02 16:50:16,234 WARNING:Formatting inputs...
2023-12-02 16:50:16,234 WARNING:Tokenizing inputs... This may take some time...
2023-12-02 17:16:44,147 WARNING:Loading data...
2023-12-02 17:16:44,147 WARNING:Formatting inputs...
2023-12-02 17:16:44,147 WARNING:Tokenizing inputs... This may take some time...
2023-12-02 17:23:12,562 WARNING:Loading data...
2023-12-02 17:23:12,563 WARNING:Formatting inputs...
2023-12-02 17:23:12,563 WARNING:Tokenizing inputs... This may take some time...
2023-12-02 17:25:40,025 WARNING:Loading data...
2023-12-02 17:25:40,025 WARNING:Formatting inputs...
2023-12-02 17:25:40,025 WARNING:Tokenizing inputs... This may take some time...
